<?xml version="1.0" encoding="UTF-8"?>
<!-- Generated by org.testng.reporters.JUnitReportReporter -->
<testsuite hostname="DESKTOP-RKLUDNK" failures="0" tests="1" name="MavenProject.SeleniumPractice.TestngPrograme2" time="1.177" errors="0" timestamp="2025-06-07T04:55:55 IST" skipped="0">
  <testcase classname="MavenProject.SeleniumPractice.TestngPrograme2" name="testcase_logintogoogle" time="1.177"/>
</testsuite> <!-- MavenProject.SeleniumPractice.TestngPrograme2 -->
